Using pre-set license
Built from 'trunk' branch; Version is '2021.2.0a8 (05e6d22b19f7) revision 386770'; Using compiler version '192829333'; Build Type 'Release'
OS: 'Windows 10 Home; OS build 18363.1016; Version 1909; 64bit' Language: 'cs' Physical Memory: 16315 MB
BatchMode: 1, IsHumanControllingUs: 0, StartBugReporterOnCrash: 0, Is64bit: 1, IsPro: 0

 COMMAND LINE ARGUMENTS:
C:\Program Files\Unity\2021.2.0a8\Editor\Unity.exe
-adb2
-batchMode
-noUpm
-name
AssetImportWorker0
-projectPath
C:/Users/jakub/Documents/GitHub/Random things
-logFile
Logs/AssetImportWorker0.log
-srvPort
52017
Successfully changed project path to: C:/Users/jakub/Documents/GitHub/Random things
C:/Users/jakub/Documents/GitHub/Random things
Using Asset Import Pipeline V2.
Refreshing native plugins compatible for Editor in 54.31 ms, found 0 plugins.
Preloading 0 native plugins for Editor in 0.00 ms.
Initialize engine version: 2021.2.0a8 (05e6d22b19f7)
[Subsystems] Discovering subsystems at path C:/Program Files/Unity/2021.2.0a8/Editor/Data/Resources/UnitySubsystems
[Subsystems] Discovering subsystems at path C:/Users/jakub/Documents/GitHub/Random things/Assets
GfxDevice: creating device client; threaded=0; jobified=0
Direct3D:
    Version:  Direct3D 11.0 [level 11.1]
    Renderer: NVIDIA GeForce GTX 1050 Ti (ID=0x1c82)
    Vendor:   NVIDIA
    VRAM:     4018 MB
    Driver:   26.21.14.3200
Shader 'Universal Render Pipeline/Particles/Lit': fallback shader 'Universal Render Pipeline/Particles/SimpleLit' not found
Initialize mono
Mono path[0] = 'C:/Program Files/Unity/2021.2.0a8/Editor/Data/Managed'
Mono path[1] = 'C:/Program Files/Unity/2021.2.0a8/Editor/Data/MonoBleedingEdge/lib/mono/unityjit'
Mono config path = 'C:/Program Files/Unity/2021.2.0a8/Editor/Data/MonoBleedingEdge/etc'
Using monoOptions --debugger-agent=transport=dt_socket,embedding=1,server=y,suspend=n,address=127.0.0.1:56236
Begin MonoManager ReloadAssembly
Registering precompiled unity dll's ...
Register platform support module: C:/Program Files/Unity/2021.2.0a8/Editor/Data/PlaybackEngines/WindowsStandaloneSupport/UnityEditor.WindowsStandalone.Extensions.dll
Registered in 0.002520 seconds.
Native extension for WindowsStandalone target not found
Refreshing native plugins compatible for Editor in 55.14 ms, found 0 plugins.
Preloading 0 native plugins for Editor in 0.00 ms.
Mono: successfully reloaded assembly
- Completed reload, in  1.840 seconds
Platform modules already initialized, skipping
Registering precompiled user dll's ...
Registered in 0.001837 seconds.
Begin MonoManager ReloadAssembly
Native extension for WindowsStandalone target not found
Refreshing native plugins compatible for Editor in 58.24 ms, found 0 plugins.
Preloading 0 native plugins for Editor in 0.00 ms.
Mono: successfully reloaded assembly
- Completed reload, in  1.525 seconds
Platform modules already initialized, skipping
========================================================================
Worker process is ready to serve import requests
Shader 'Universal Render Pipeline/Particles/Lit': fallback shader 'Universal Render Pipeline/Particles/SimpleLit' not found
Launched and connected shader compiler UnityShaderCompiler.exe after 0.09 seconds
Refreshing native plugins compatible for Editor in 0.97 ms, found 0 plugins.
Preloading 0 native plugins for Editor in 0.00 ms.
Unloading 2463 Unused Serialized files (Serialized files now loaded: 0)
System memory in use before: 117.7 MB.
System memory in use after: 117.9 MB.

Unloading 9 unused Assets to reduce memory usage. Loaded Objects now: 2927.
Total: 4.933500 ms (FindLiveObjects: 0.542200 ms CreateObjectMapping: 0.109900 ms MarkObjects: 4.155500 ms  DeleteObjects: 0.123400 ms)

========================================================================
Received Import Request.
  path: Assets/Shader Graphs/SkyShader.shadergraph
  artifactKey: Guid(7e1ea5388c02860469fb981a94cab637) Importer(815301076,1909f56bfc062723c751e8b465ee728b)
Start importing Assets/Shader Graphs/SkyShader.shadergraph using Guid(7e1ea5388c02860469fb981a94cab637) Importer(815301076,1909f56bfc062723c751e8b465ee728b)  -> (artifact id: 'ae1aa7e90b0b7031d02ff71cb271c949') in 0.051249 seconds 
========================================================================
Received Import Request.
  Time since last request: 0.000331 seconds.
  path: Assets/Shader Graphs/SubPlanetMask.shadersubgraph
  artifactKey: Guid(5004131928fa22d4eafda6428eac8017) Importer(815301076,1909f56bfc062723c751e8b465ee728b)
Start importing Assets/Shader Graphs/SubPlanetMask.shadersubgraph using Guid(5004131928fa22d4eafda6428eac8017) Importer(815301076,1909f56bfc062723c751e8b465ee728b)  -> (artifact id: '8cb4d01c679edcb9f893cbecf337a491') in 0.008965 seconds 
========================================================================
Received Import Request.
  Time since last request: 22.235381 seconds.
  path: Assets/Shader Graphs/SkyMaterial.mat
  artifactKey: Guid(1fe211fed189d8447ba9534eecbdab2c) Importer(815301076,1909f56bfc062723c751e8b465ee728b)
Start importing Assets/Shader Graphs/SkyMaterial.mat using Guid(1fe211fed189d8447ba9534eecbdab2c) Importer(815301076,1909f56bfc062723c751e8b465ee728b)  -> (artifact id: 'e6c74b09d9a9db46c0660a20855bb9e2') in 0.344387 seconds 
========================================================================
Received Import Request.
  Time since last request: 383.362298 seconds.
  path: Assets/Shader Graphs/SubPlanetMask.shadersubgraph
  artifactKey: Guid(5004131928fa22d4eafda6428eac8017) Importer(815301076,1909f56bfc062723c751e8b465ee728b)
Start importing Assets/Shader Graphs/SubPlanetMask.shadersubgraph using Guid(5004131928fa22d4eafda6428eac8017) Importer(815301076,1909f56bfc062723c751e8b465ee728b)  -> (artifact id: 'dab5acf40be95effcfd527e3410b782e') in 0.003590 seconds 
========================================================================
Received Import Request.
  Time since last request: 41.405018 seconds.
  path: Assets/Shader Graphs/SkyShader.shadergraph
  artifactKey: Guid(7e1ea5388c02860469fb981a94cab637) Importer(815301076,1909f56bfc062723c751e8b465ee728b)
Start importing Assets/Shader Graphs/SkyShader.shadergraph using Guid(7e1ea5388c02860469fb981a94cab637) Importer(815301076,1909f56bfc062723c751e8b465ee728b)  -> (artifact id: '29c642ef37a008f6d18ae355cb689d58') in 0.003053 seconds 
AssetImportWorkerClient::OnTransportError - code=2 error=End of file
